<?xml version="1.0" encoding="UTF-8"?>
<!-- Generated by org.testng.reporters.JUnitXMLReporter -->
<testsuite ignored="0" hostname="5CD127F76Z" failures="0" tests="4" name="Regression Suite" time="56.478" errors="0" timestamp="2022-10-28T12:18:48 IST">
  <testcase classname="com.testcases.TC_1_TextBox" name="textBox" time="0.538"/>
  <testcase classname="com.testcases.TC_2_WebTable" name="webTable" time="2.019"/>
  <testcase classname="com.testcases.TC_3_PageForm" name="pageForm" time="1.319"/>
  <testcase classname="com.testcases.TC_4_Widgets" name="widgets" time="3.97"/>
</testsuite> <!-- Regression Suite -->
