<?xml version="1.0" encoding="UTF-8"?>
<!-- Generated by org.testng.reporters.JUnitXMLReporter -->
<testsuite ignored="0" hostname="5CD127F76Z" failures="0" tests="4" name="Test" time="113.749" errors="0" timestamp="2022-10-28T20:33:28 IST">
  <testcase classname="com.testcases.TC_2_WebTable" name="webTable" time="3.358"/>
  <testcase classname="com.testcases.TC_3_PageForm" name="pageForm" time="1.563"/>
  <testcase classname="com.testcases.TC_1_TextBox" name="textBox" time="0.454"/>
  <testcase classname="com.testcases.TC_4_Widgets" name="widgets" time="0.525"/>
</testsuite> <!-- Test -->
