<?xml version="1.0" encoding="UTF-8"?>
<!-- Generated by org.testng.reporters.JUnitXMLReporter -->
<testsuite ignored="2" hostname="5CD127F76Z" failures="2" tests="2" name="Regression" time="0.173" errors="0" timestamp="2022-10-28T13:08:29 IST">
  <testcase classname="com.testcases.TC_2_WebTable" name="webTable" time="0.079">
    <failure type="java.lang.NullPointerException" message="Cannot invoke &amp;quot;org.openqa.selenium.JavascriptExecutor.executeScript(String, Object[])&amp;quot; because &amp;quot;js&amp;quot; is null">
      <![CDATA[java.lang.NullPointerException: Cannot invoke "org.openqa.selenium.JavascriptExecutor.executeScript(String, Object[])" because "js" is null
at com.testcases.TC_2_WebTable.webTable(TC_2_WebTable.java:18)
at java.base/java.util.ArrayList.forEach(ArrayList.java:1511)
... Removed 27 stack frames]]>
    </failure>
  </testcase> <!-- webTable -->
  <testcase classname="com.testcases.TC_3_PageForm" name="pageForm" time="0.005">
    <failure type="java.lang.NullPointerException" message="Cannot invoke &amp;quot;org.openqa.selenium.JavascriptExecutor.executeScript(String, Object[])&amp;quot; because &amp;quot;js&amp;quot; is null">
      <![CDATA[java.lang.NullPointerException: Cannot invoke "org.openqa.selenium.JavascriptExecutor.executeScript(String, Object[])" because "js" is null
at com.testcases.TC_3_PageForm.pageForm(TC_3_PageForm.java:15)
at java.base/java.util.ArrayList.forEach(ArrayList.java:1511)
... Removed 27 stack frames]]>
    </failure>
  </testcase> <!-- pageForm -->
  <testcase classname="com.testcases.TC_4_Widgets" name="widgets" time="0.0">
    <ignored/>
  </testcase> <!-- widgets -->
  <testcase classname="com.testcases.TC_1_TextBox" name="textBox" time="0.0">
    <ignored/>
  </testcase> <!-- textBox -->
</testsuite> <!-- Regression -->
