<?xml version="1.0" encoding="UTF-8"?>
<testng-results ignored="0" total="4" passed="4" failed="0" skipped="0">
  <reporter-output>
  </reporter-output>
  <suite started-at="2022-12-28T16:37:36 IST" name="Regression Suite" finished-at="2022-12-28T16:38:50 IST" duration-ms="73177">
    <groups>
      <group name="Regression">
        <method signature="TC_1_TextBox.textBox(java.lang.String,java.lang.String)[pri:0, instance:com.testcases.TC_1_TextBox@74bf1791]" name="textBox" class="com.testcases.TC_1_TextBox"/>
        <method signature="TC_4_Widgets.widgets()[pri:0, instance:com.testcases.TC_4_Widgets@7ae42ce3]" name="widgets" class="com.testcases.TC_4_Widgets"/>
      </group> <!-- Regression -->
      <group name="Smoke">
        <method signature="TC_2_WebTable.webTable(java.lang.String,java.lang.String,java.lang.String,java.lang.String,java.lang.String,java.lang.String)[pri:0, instance:com.testcases.TC_2_WebTable@673be18f]" name="webTable" class="com.testcases.TC_2_WebTable"/>
        <method signature="TC_3_PageForm.pageForm()[pri:0, instance:com.testcases.TC_3_PageForm@58326051]" name="pageForm" class="com.testcases.TC_3_PageForm"/>
      </group> <!-- Smoke -->
    </groups>
    <test started-at="2022-12-28T16:37:36 IST" name="TextBox Module" finished-at="2022-12-28T16:38:01 IST" duration-ms="24464">
      <class name="com.testcases.TC_1_TextBox">
        <test-method is-config="true" signature="setUp()[pri:0, instance:com.testcases.TC_1_TextBox@74bf1791]" started-at="2022-12-28T16:37:36 IST" name="setUp" finished-at="2022-12-28T16:37:59 IST" duration-ms="22186" status="PASS">
          <reporter-output>
          </reporter-output>
        </test-method> <!-- setUp -->
        <test-method signature="textBox(java.lang.String,java.lang.String)[pri:0, instance:com.testcases.TC_1_TextBox@74bf1791]" started-at="2022-12-28T16:37:59 IST" name="textBox" data-provider="TC_1_TextBoxData" finished-at="2022-12-28T16:38:00 IST" duration-ms="1262" status="PASS">
          <params>
            <param index="0">
              <value>
                <![CDATA[Sateesh]]>
              </value>
            </param>
            <param index="1">
              <value>
                <![CDATA[Sateesh.Janapana@suneratech.com]]>
              </value>
            </param>
          </params>
          <reporter-output>
          </reporter-output>
        </test-method> <!-- textBox -->
        <test-method is-config="true" signature="tearDown()[pri:0, instance:com.testcases.TC_1_TextBox@74bf1791]" started-at="2022-12-28T16:38:00 IST" name="tearDown" finished-at="2022-12-28T16:38:01 IST" duration-ms="693" status="PASS">
          <reporter-output>
          </reporter-output>
        </test-method> <!-- tearDown -->
      </class> <!-- com.testcases.TC_1_TextBox -->
    </test> <!-- TextBox Module -->
    <test started-at="2022-12-28T16:38:01 IST" name="WebTable Module" finished-at="2022-12-28T16:38:21 IST" duration-ms="20269">
      <class name="com.testcases.TC_2_WebTable">
        <test-method is-config="true" signature="setUp()[pri:0, instance:com.testcases.TC_2_WebTable@673be18f]" started-at="2022-12-28T16:38:01 IST" name="setUp" finished-at="2022-12-28T16:38:17 IST" duration-ms="16024" status="PASS">
          <reporter-output>
          </reporter-output>
        </test-method> <!-- setUp -->
        <test-method signature="webTable(java.lang.String,java.lang.String,java.lang.String,java.lang.String,java.lang.String,java.lang.String)[pri:0, instance:com.testcases.TC_2_WebTable@673be18f]" started-at="2022-12-28T16:38:17 IST" name="webTable" data-provider="TC_2_testData" finished-at="2022-12-28T16:38:20 IST" duration-ms="3596" status="PASS">
          <params>
            <param index="0">
              <value>
                <![CDATA[Sandhya Rani]]>
              </value>
            </param>
            <param index="1">
              <value>
                <![CDATA[Janapana]]>
              </value>
            </param>
            <param index="2">
              <value>
                <![CDATA[Sandhya@gmail.com]]>
              </value>
            </param>
            <param index="3">
              <value>
                <![CDATA[23]]>
              </value>
            </param>
            <param index="4">
              <value>
                <![CDATA[30000]]>
              </value>
            </param>
            <param index="5">
              <value>
                <![CDATA[Beautician]]>
              </value>
            </param>
          </params>
          <reporter-output>
          </reporter-output>
        </test-method> <!-- webTable -->
        <test-method is-config="true" signature="tearDown()[pri:0, instance:com.testcases.TC_2_WebTable@673be18f]" started-at="2022-12-28T16:38:21 IST" name="tearDown" finished-at="2022-12-28T16:38:21 IST" duration-ms="618" status="PASS">
          <reporter-output>
          </reporter-output>
        </test-method> <!-- tearDown -->
      </class> <!-- com.testcases.TC_2_WebTable -->
    </test> <!-- WebTable Module -->
    <test started-at="2022-12-28T16:38:21 IST" name="PageForm Module" finished-at="2022-12-28T16:38:36 IST" duration-ms="14846">
      <class name="com.testcases.TC_3_PageForm">
        <test-method is-config="true" signature="setUp()[pri:0, instance:com.testcases.TC_3_PageForm@58326051]" started-at="2022-12-28T16:38:21 IST" name="setUp" finished-at="2022-12-28T16:38:34 IST" duration-ms="12700" status="PASS">
          <reporter-output>
          </reporter-output>
        </test-method> <!-- setUp -->
        <test-method signature="pageForm()[pri:0, instance:com.testcases.TC_3_PageForm@58326051]" started-at="2022-12-28T16:38:34 IST" name="pageForm" finished-at="2022-12-28T16:38:35 IST" duration-ms="1566" status="PASS">
          <reporter-output>
          </reporter-output>
        </test-method> <!-- pageForm -->
        <test-method is-config="true" signature="tearDown()[pri:0, instance:com.testcases.TC_3_PageForm@58326051]" started-at="2022-12-28T16:38:35 IST" name="tearDown" finished-at="2022-12-28T16:38:36 IST" duration-ms="552" status="PASS">
          <reporter-output>
          </reporter-output>
        </test-method> <!-- tearDown -->
      </class> <!-- com.testcases.TC_3_PageForm -->
    </test> <!-- PageForm Module -->
    <test started-at="2022-12-28T16:38:36 IST" name="Widgets Module" finished-at="2022-12-28T16:38:50 IST" duration-ms="13499">
      <class name="com.testcases.TC_4_Widgets">
        <test-method is-config="true" signature="setUp()[pri:0, instance:com.testcases.TC_4_Widgets@7ae42ce3]" started-at="2022-12-28T16:38:36 IST" name="setUp" finished-at="2022-12-28T16:38:48 IST" duration-ms="12006" status="PASS">
          <reporter-output>
          </reporter-output>
        </test-method> <!-- setUp -->
        <test-method signature="widgets()[pri:0, instance:com.testcases.TC_4_Widgets@7ae42ce3]" started-at="2022-12-28T16:38:48 IST" name="widgets" finished-at="2022-12-28T16:38:49 IST" duration-ms="856" status="PASS">
          <reporter-output>
          </reporter-output>
        </test-method> <!-- widgets -->
        <test-method is-config="true" signature="tearDown()[pri:0, instance:com.testcases.TC_4_Widgets@7ae42ce3]" started-at="2022-12-28T16:38:49 IST" name="tearDown" finished-at="2022-12-28T16:38:50 IST" duration-ms="603" status="PASS">
          <reporter-output>
          </reporter-output>
        </test-method> <!-- tearDown -->
      </class> <!-- com.testcases.TC_4_Widgets -->
    </test> <!-- Widgets Module -->
  </suite> <!-- Regression Suite -->
</testng-results>
